<?xml version="1.0" encoding="UTF-8"?>
<!-- Generated by org.testng.reporters.JUnitReportReporter -->
<testsuite hostname="Sandy" failures="0" tests="5" name="com.ecommerce.testcases.TestTrial" time="20.697" errors="0" timestamp="2021-05-02T10:46:16 IST" skipped="0">
  <testcase classname="com.ecommerce.testcases.TestTrial" name="testCase1" time="4.207"/>
  <system-out/>
  <testcase classname="com.ecommerce.testcases.TestTrial" name="createEmail" time="0.281"/>
  <system-out/>
  <testcase classname="com.ecommerce.testcases.TestTrial" name="enterDetails" time="10.304"/>
  <system-out/>
  <testcase classname="com.ecommerce.testcases.TestTrial" name="signOutTest" time="2.983"/>
  <system-out/>
  <testcase classname="com.ecommerce.testcases.TestTrial" name="logInTest" time="2.922"/>
  <system-out/>
</testsuite> <!-- com.ecommerce.testcases.TestTrial -->
