<?xml version="1.0" encoding="UTF-8"?>
<!-- Generated by org.testng.reporters.JUnitReportReporter -->
<testsuite hostname="Sandy" failures="0" tests="5" name="com.ecommerce.testcases.TC_001" time="22.265" errors="0" timestamp="2021-05-10T14:55:51 IST" skipped="0">
  <testcase classname="com.ecommerce.testcases.TC_001" name="homePage" time="4.196"/>
  <system-out/>
  <testcase classname="com.ecommerce.testcases.TC_001" name="createEmail" time="0.544"/>
  <system-out/>
  <testcase classname="com.ecommerce.testcases.TC_001" name="enterDetails" time="8.169"/>
  <system-out/>
  <testcase classname="com.ecommerce.testcases.TC_001" name="signOutTest" time="4.774"/>
  <system-out/>
  <testcase classname="com.ecommerce.testcases.TC_001" name="logInTest" time="4.582"/>
  <system-out/>
</testsuite> <!-- com.ecommerce.testcases.TC_001 -->
